<?xml version="1.0" encoding="UTF-8"?>
<testsuite xmlns:xsi="http://www.w3.org/2001/XMLSchema-instance" xsi:noNamespaceSchemaLocation="https://maven.apache.org/surefire/maven-surefire-plugin/xsd/surefire-test-report.xsd" name="coverage.loteria.TestLoteria" time="0.141" tests="7" errors="0" skipped="0" failures="0">
  <properties>
    <property name="sun.desktop" value="windows"/>
    <property name="awt.toolkit" value="sun.awt.windows.WToolkit"/>
    <property name="file.encoding.pkg" value="sun.io"/>
    <property name="java.specification.version" value="1.8"/>
    <property name="sun.cpu.isalist" value="amd64"/>
    <property name="sun.jnu.encoding" value="Cp1252"/>
    <property name="java.class.path" value="C:\GLBootCamp\repo\BootCampGL2020_RobertoSuarez\modulo_02\Ejercicio_03\coverage.loteria\target\test-classes;C:\GLBootCamp\repo\BootCampGL2020_RobertoSuarez\modulo_02\Ejercicio_03\coverage.loteria\target\classes;C:\Users\usuario\.m2\repository\org\slf4j\slf4j-simple\1.7.30\slf4j-simple-1.7.30.jar;C:\Users\usuario\.m2\repository\org\slf4j\slf4j-api\1.7.30\slf4j-api-1.7.30.jar;C:\Users\usuario\.m2\repository\org\junit\jupiter\junit-jupiter-engine\5.6.2\junit-jupiter-engine-5.6.2.jar;C:\Users\usuario\.m2\repository\org\apiguardian\apiguardian-api\1.1.0\apiguardian-api-1.1.0.jar;C:\Users\usuario\.m2\repository\org\junit\platform\junit-platform-engine\1.6.2\junit-platform-engine-1.6.2.jar;C:\Users\usuario\.m2\repository\org\opentest4j\opentest4j\1.2.0\opentest4j-1.2.0.jar;C:\Users\usuario\.m2\repository\org\junit\platform\junit-platform-commons\1.6.2\junit-platform-commons-1.6.2.jar;C:\Users\usuario\.m2\repository\org\junit\jupiter\junit-jupiter-api\5.6.2\junit-jupiter-api-5.6.2.jar;C:\Users\usuario\.m2\repository\org\mockito\mockito-core\3.4.0\mockito-core-3.4.0.jar;C:\Users\usuario\.m2\repository\net\bytebuddy\byte-buddy\1.10.10\byte-buddy-1.10.10.jar;C:\Users\usuario\.m2\repository\net\bytebuddy\byte-buddy-agent\1.10.10\byte-buddy-agent-1.10.10.jar;C:\Users\usuario\.m2\repository\org\objenesis\objenesis\2.6\objenesis-2.6.jar;C:\Users\usuario\.m2\repository\org\mockito\mockito-junit-jupiter\3.4.6\mockito-junit-jupiter-3.4.6.jar;"/>
    <property name="java.vm.vendor" value="Azul Systems, Inc."/>
    <property name="sun.arch.data.model" value="64"/>
    <property name="user.variant" value=""/>
    <property name="java.vendor.url" value="http://www.azulsystems.com/"/>
    <property name="user.timezone" value="America/Buenos_Aires"/>
    <property name="java.vm.specification.version" value="1.8"/>
    <property name="os.name" value="Windows 10"/>
    <property name="user.country" value="ES"/>
    <property name="sun.java.launcher" value="SUN_STANDARD"/>
    <property name="sun.boot.library.path" value="C:\GLBootCamp\app\java\jre\bin"/>
    <property name="sun.java.command" value="C:\Users\usuario\AppData\Local\Temp\surefire7191052592251504645\surefirebooter589709091403365727.jar C:\Users\usuario\AppData\Local\Temp\surefire7191052592251504645 2020-08-04T10-12-31_992-jvmRun1 surefire7082310880736066950tmp surefire_07457090400015724216tmp"/>
    <property name="surefire.test.class.path" value="C:\GLBootCamp\repo\BootCampGL2020_RobertoSuarez\modulo_02\Ejercicio_03\coverage.loteria\target\test-classes;C:\GLBootCamp\repo\BootCampGL2020_RobertoSuarez\modulo_02\Ejercicio_03\coverage.loteria\target\classes;C:\Users\usuario\.m2\repository\org\slf4j\slf4j-simple\1.7.30\slf4j-simple-1.7.30.jar;C:\Users\usuario\.m2\repository\org\slf4j\slf4j-api\1.7.30\slf4j-api-1.7.30.jar;C:\Users\usuario\.m2\repository\org\junit\jupiter\junit-jupiter-engine\5.6.2\junit-jupiter-engine-5.6.2.jar;C:\Users\usuario\.m2\repository\org\apiguardian\apiguardian-api\1.1.0\apiguardian-api-1.1.0.jar;C:\Users\usuario\.m2\repository\org\junit\platform\junit-platform-engine\1.6.2\junit-platform-engine-1.6.2.jar;C:\Users\usuario\.m2\repository\org\opentest4j\opentest4j\1.2.0\opentest4j-1.2.0.jar;C:\Users\usuario\.m2\repository\org\junit\platform\junit-platform-commons\1.6.2\junit-platform-commons-1.6.2.jar;C:\Users\usuario\.m2\repository\org\junit\jupiter\junit-jupiter-api\5.6.2\junit-jupiter-api-5.6.2.jar;C:\Users\usuario\.m2\repository\org\mockito\mockito-core\3.4.0\mockito-core-3.4.0.jar;C:\Users\usuario\.m2\repository\net\bytebuddy\byte-buddy\1.10.10\byte-buddy-1.10.10.jar;C:\Users\usuario\.m2\repository\net\bytebuddy\byte-buddy-agent\1.10.10\byte-buddy-agent-1.10.10.jar;C:\Users\usuario\.m2\repository\org\objenesis\objenesis\2.6\objenesis-2.6.jar;C:\Users\usuario\.m2\repository\org\mockito\mockito-junit-jupiter\3.4.6\mockito-junit-jupiter-3.4.6.jar;"/>
    <property name="sun.cpu.endian" value="little"/>
    <property name="user.home" value="C:\Users\usuario"/>
    <property name="user.language" value="es"/>
    <property name="java.specification.vendor" value="Oracle Corporation"/>
    <property name="java.home" value="C:\GLBootCamp\app\java\jre"/>
    <property name="basedir" value="C:\GLBootCamp\repo\BootCampGL2020_RobertoSuarez\modulo_02\Ejercicio_03\coverage.loteria"/>
    <property name="style.color" value="always"/>
    <property name="file.separator" value="\"/>
    <property name="line.separator" value="&#10;"/>
    <property name="jdk.vendor.version" value="Zulu 8.46.0.19-CA-win64"/>
    <property name="java.vm.specification.vendor" value="Oracle Corporation"/>
    <property name="java.specification.name" value="Java Platform API Specification"/>
    <property name="java.awt.graphicsenv" value="sun.awt.Win32GraphicsEnvironment"/>
    <property name="surefire.real.class.path" value="C:\Users\usuario\AppData\Local\Temp\surefire7191052592251504645\surefirebooter589709091403365727.jar;C:\\Users\\usuario\\.m2\\repository\\org\\jacoco\\org.jacoco.agent\\0.7.7.201606060606\\org.jacoco.agent-0.7.7.201606060606-runtime.jar"/>
    <property name="sun.boot.class.path" value="C:\GLBootCamp\app\java\jre\lib\resources.jar;C:\GLBootCamp\app\java\jre\lib\rt.jar;C:\GLBootCamp\app\java\jre\lib\sunrsasign.jar;C:\GLBootCamp\app\java\jre\lib\jsse.jar;C:\GLBootCamp\app\java\jre\lib\jce.jar;C:\GLBootCamp\app\java\jre\lib\charsets.jar;C:\GLBootCamp\app\java\jre\lib\jfr.jar;C:\GLBootCamp\app\java\jre\classes"/>
    <property name="user.script" value=""/>
    <property name="sun.management.compiler" value="HotSpot 64-Bit Tiered Compilers"/>
    <property name="java.runtime.version" value="1.8.0_252-b14"/>
    <property name="user.name" value="usuario"/>
    <property name="path.separator" value=";"/>
    <property name="os.version" value="10.0"/>
    <property name="java.endorsed.dirs" value="C:\GLBootCamp\app\java\jre\lib\endorsed"/>
    <property name="java.runtime.name" value="OpenJDK Runtime Environment"/>
    <property name="file.encoding" value="Cp1252"/>
    <property name="java.vm.name" value="OpenJDK 64-Bit Server VM"/>
    <property name="localRepository" value="C:\Users\usuario\.m2\repository"/>
    <property name="java.vendor.url.bug" value="http://www.azulsystems.com/support/"/>
    <property name="java.io.tmpdir" value="C:\Users\usuario\AppData\Local\Temp\"/>
    <property name="java.version" value="1.8.0_252"/>
    <property name="user.dir" value="C:\GLBootCamp\repo\BootCampGL2020_RobertoSuarez\modulo_02\Ejercicio_03\coverage.loteria"/>
    <property name="os.arch" value="amd64"/>
    <property name="java.vm.specification.name" value="Java Virtual Machine Specification"/>
    <property name="java.awt.printerjob" value="sun.awt.windows.WPrinterJob"/>
    <property name="sun.os.patch.level" value=""/>
    <property name="java.library.path" value="C:\GLBootCamp\app\java\jre\bin;C:\WINDOWS\Sun\Java\bin;C:\WINDOWS\system32;C:\WINDOWS;C:/GLBootCamp/app/java/bin/../jre/bin/server;C:/GLBootCamp/app/java/bin/../jre/bin;C:/GLBootCamp/app/java/bin/../jre/lib/amd64;C:\GLBootCamp\app\apache-maven-3.6.3\bin;C:\GLBootCamp\app\java\bin;C:\Python27\;C:\Python27\Scripts;C:\Program Files (x86)\Intel\iCLS Client\;C:\Program Files\Intel\iCLS Client\;C:\Windows\system32;C:\Windows;C:\Windows\System32\Wbem;C:\Windows\System32\WindowsPowerShell\v1.0\;C:\Program Files (x86)\NVIDIA Corporation\PhysX\Common;C:\Program Files (x86)\Intel\Intel(R) Management Engine Components\DAL;C:\Program Files\Intel\Intel(R) Management Engine Components\DAL;C:\Program Files (x86)\Intel\Intel(R) Management Engine Components\IPT;C:\Program Files\Intel\Intel(R) Management Engine Components\IPT;C:\WINDOWS\system32;C:\WINDOWS;C:\WINDOWS\System32\Wbem;C:\WINDOWS\System32\WindowsPowerShell\v1.0\;C:\wamp64\bin\php\php7.1.9;C:\ProgramData\ComposerSetup\bin;C:\WINDOWS\System32\OpenSSH\;C:\Program Files\Microsoft VS Code\bin;C:\Program Files\NVIDIA Corporation\NVIDIA NvDLISR;C:\WINDOWS\system32;C:\WINDOWS;C:\WINDOWS\System32\Wbem;C:\WINDOWS\System32\WindowsPowerShell\v1.0\;C:\WINDOWS\System32\OpenSSH\;C:\Program Files\nodejs\;C:\ProgramData\chocolatey\bin;C:\Program Files (x86)\Yarn\bin\;C:\Program Files\Git\cmd;C:\GLBootCamp\app\java\bin;C:\Users\usuario\AppData\Local\Programs\Python\Python36-32\Scripts\;C:\Users\usuario\AppData\Local\Programs\Python\Python36-32\;C:\Users\usuario\AppData\Local\Microsoft\WindowsApps;C:\Users\usuario\AppData\Roaming\Composer\vendor\bin;C:\Program Files\Microsoft VS Code\bin;C:\Program Files\heroku\bin;C:\Users\usuario\AppData\Roaming\npm;C:\Users\usuario\AppData\Local\Yarn\bin;;C:\GLBootCamp\app\sts-4.7.0.RELEASE;;."/>
    <property name="java.vm.info" value="mixed mode"/>
    <property name="java.vendor" value="Azul Systems, Inc."/>
    <property name="java.vm.version" value="25.252-b14"/>
    <property name="java.ext.dirs" value="C:\GLBootCamp\app\java\jre\lib\ext;C:\WINDOWS\Sun\Java\lib\ext"/>
    <property name="sun.io.unicode.encoding" value="UnicodeLittle"/>
    <property name="java.class.version" value="52.0"/>
  </properties>
  <testcase name="no_hubo_un_ganador" classname="coverage.loteria.TestLoteria" time="0.051"/>
  <testcase name="unico_ganador" classname="coverage.loteria.TestLoteria" time="0"/>
  <testcase name="cuadruple_ganadores" classname="coverage.loteria.TestLoteria" time="0.007"/>
  <testcase name="test_geters_Loteria" classname="coverage.loteria.TestLoteria" time="0.011"/>
  <testcase name="no_hubo_cuatro_ganadores" classname="coverage.loteria.TestLoteria" time="0"/>
  <testcase name="jugadas_ganadoras" classname="coverage.loteria.TestLoteria" time="0"/>
  <testcase name="sin_ganadores" classname="coverage.loteria.TestLoteria" time="0.001"/>
</testsuite>